050cd12 2024-05-18 | 添加了委托信息完成后的反馈，修复小bug。添加md文件 (HEAD -> master, github/master, gitee/master) [或许是我错了]
64c15ed 2024-05-18 | Merge remote-tracking branch 'github/master' [或许是我错了]
2d1d252 2024-05-18 | 添加了委托信息完成后的反馈，修复小bug [或许是我错了]
e96fdc0 2024-05-18 | Create README.md [liulasty]
4df5ac7 2024-05-17 | 添加了委托信息完成后的反馈 [或许是我错了]
727317b 2024-05-16 | 接收委托者的92% [或许是我错了]
db5fdbe 2024-05-15 | 接收委托者的91% [或许是我错了]
3675277 2024-05-13 | 接收委托者的90% [或许是我错了]
76f2c83 2024-05-05 | 接收委托者的50% [或许是我错了]
82fc640 2024-05-04 | 发布者和接收者的短暂反馈完成 [或许是我错了]
b915eab 2024-05-04 | Merge branch 'master' of https://gitee.com/Maybe_I_wrong/campus_entrustment_springboot [或许是我错了]
393b0bf 2024-05-03 | 发布者和接收者的短暂反馈完成 [或许是我错了]
e60c59b 2024-04-20 | add LICENSE. [或许是我错了]
2eaac7b 2024-04-20 | 用户管理完成 [或许是我错了]
33a97e9 2024-04-15 | 添加身份认证状态小改善 [或许是我错了]
1ed0e14 2024-04-15 | 添加身份认证状态 [或许是我错了]
7ccb432 2024-04-15 | 小修改:添加身份认证状态 [或许是我错了]
205a120 2024-04-13 | 小修改:testNewestInfo [或许是我错了]
33c06e1 2024-04-11 | Merge branch 'github/master' [或许是我错了]
842bb21 2024-04-11 | 小修改:testNewestInfo [或许是我错了]
842fded 2024-04-10 | 小修改 [或许是我错了]
3f6d7c4 2024-04-10 | 小修改 [或许是我错了]
e0579ff 2024-04-10 | 小修改 [或许是我错了]
d5112bf 2024-04-09 | Initial commit [或许是我错了]